<?xml version="1.0" encoding="utf-8" standalone="no"?>
<test-results xmlns:xsi="http://www.w3.org/2001/XMLSchema-instance" xsi:noNamespaceSchemaLocation="nunit_schema_2.5.xsd" name="Pester" total="9" errors="0" failures="3" not-run="0" inconclusive="0" ignored="0" skipped="0" invalid="0" date="2021-03-26" time="15:31:54">
  <environment user-domain="EU" platform="Microsoft Windows 10 Enterprise|C:\WINDOWS|\Device\Harddisk0\Partition4" machine-name="SLZ-GALLEN-LT" os-version="10.0.19041" user="gallen" cwd="C:\Store\ngf-azure-templates\CGW-LogAnalytics-Dashboard" nunit-version="2.5.8.0" clr-version="Unknown" />
  <culture-info current-culture="en-GB" current-uiculture="en-US" />
  <test-suite type="TestFixture" name="Pester" executed="True" result="Failure" success="False" time="56.2232" asserts="0" description="Pester">
    <results>
      <test-suite type="TestFixture" name="C:\Store\ngf-azure-templates\CGW-LogAnalytics-Dashboard\test\azuredeploy.tests.ps1" executed="True" result="Failure" success="False" time="56.2232" asserts="0" description="C:\Store\ngf-azure-templates\CGW-LogAnalytics-Dashboard\test\azuredeploy.tests.ps1">
        <results>
          <test-suite type="TestFixture" name="[CGW-LogAnalytics-Dashboard] Template validation &amp; test" executed="True" result="Failure" success="False" time="56.2127" asserts="0" description="[CGW-LogAnalytics-Dashboard] Template validation &amp; test">
            <results>
              <test-suite type="TestFixture" name="[CGW-LogAnalytics-Dashboard] Template validation" executed="True" result="Success" success="True" time="0.1402" asserts="0" description="[CGW-LogAnalytics-Dashboard] Template validation">
                <results>
                  <test-case description="Has a JSON template" name="[CGW-LogAnalytics-Dashboard] Template validation &amp; test.[CGW-LogAnalytics-Dashboard] Template validation.Has a JSON template" time="0.0052" asserts="0" success="True" result="Success" executed="True" />
                  <test-case description="Has a parameters file" name="[CGW-LogAnalytics-Dashboard] Template validation &amp; test.[CGW-LogAnalytics-Dashboard] Template validation.Has a parameters file" time="0.0027" asserts="0" success="True" result="Success" executed="True" />
                  <test-case description="Has a metadata file" name="[CGW-LogAnalytics-Dashboard] Template validation &amp; test.[CGW-LogAnalytics-Dashboard] Template validation.Has a metadata file" time="0.0036" asserts="0" success="True" result="Success" executed="True" />
                  <test-case description="Converts from JSON and has the expected properties" name="[CGW-LogAnalytics-Dashboard] Template validation &amp; test.[CGW-LogAnalytics-Dashboard] Template validation.Converts from JSON and has the expected properties" time="0.009" asserts="0" success="True" result="Success" executed="True" />
                  <test-case description="Creates the expected Azure resources" name="[CGW-LogAnalytics-Dashboard] Template validation &amp; test.[CGW-LogAnalytics-Dashboard] Template validation.Creates the expected Azure resources" time="0.0049" asserts="0" success="True" result="Success" executed="True" />
                  <test-case description="Contains the expected parameters" name="[CGW-LogAnalytics-Dashboard] Template validation &amp; test.[CGW-LogAnalytics-Dashboard] Template validation.Contains the expected parameters" time="0.0124" asserts="0" success="True" result="Success" executed="True" />
                </results>
              </test-suite>
              <test-suite type="TestFixture" name="[CGW-LogAnalytics-Dashboard] Template test deployment" executed="True" result="Failure" success="False" time="56.0014" asserts="0" description="[CGW-LogAnalytics-Dashboard] Template test deployment">
                <results>
                  <test-case description="Test Deployment of ARM template  with parameter file " name="[CGW-LogAnalytics-Dashboard] Template validation &amp; test.[CGW-LogAnalytics-Dashboard] Template test deployment.Test Deployment of ARM template  with parameter file " time="1.8234" asserts="0" success="False" result="Failure" executed="True">
                    <failure>
                      <message>Expected the actual value to be less than or equal to 0, but got 1.</message>
                      <stack-trace>at &lt;ScriptBlock&gt;, C:\Store\ngf-azure-templates\CGW-LogAnalytics-Dashboard\test\azuredeploy.tests.ps1: line 107
107:             (Test-AzResourceGroupDeployment -ResourceGroupName $testsResourceGroupName -TemplateFile "azuredeploy.json" -TemplateParameterFile "azuredeploy.parameters.json" -workspaceName $workspace ).Count | Should not BeGreaterThan 0</stack-trace>
                    </failure>
                  </test-case>
                  <test-case description="Deployment of ARM template  with parameter file " name="[CGW-LogAnalytics-Dashboard] Template validation &amp; test.[CGW-LogAnalytics-Dashboard] Template test deployment.Deployment of ARM template  with parameter file " time="1.8126" asserts="0" success="False" result="Failure" executed="True">
                    <failure>
                      <message>Expected 'Succeeded', but got $null.</message>
                      <stack-trace>at &lt;ScriptBlock&gt;, C:\Store\ngf-azure-templates\CGW-LogAnalytics-Dashboard\test\azuredeploy.tests.ps1: line 113
113:             $resultDeployment.ProvisioningState | Should Be "Succeeded"</stack-trace>
                    </failure>
                  </test-case>
                  <test-case description="Deployment in Azure validation" name="[CGW-LogAnalytics-Dashboard] Template validation &amp; test.[CGW-LogAnalytics-Dashboard] Template test deployment.Deployment in Azure validation" time="1.2078" asserts="0" success="False" result="Failure" executed="True">
                    <failure>
                      <message>Expected $null to be different from the actual value, but got the same value.</message>
                      <stack-trace>at &lt;ScriptBlock&gt;, C:\Store\ngf-azure-templates\CGW-LogAnalytics-Dashboard\test\azuredeploy.tests.ps1: line 118
118:             $result | Should Not Be $null</stack-trace>
                    </failure>
                  </test-case>
                </results>
              </test-suite>
            </results>
          </test-suite>
        </results>
      </test-suite>
    </results>
  </test-suite>
</test-results>